2025-12-18 19:31:58,211 - WARNING - Error occurred: [Errno 22] Invalid argument: 'assetfinder_https://github.com.txt'. Retrying in 1s...
2025-12-18 19:32:06,272 - WARNING - Error occurred: [Errno 22] Invalid argument: 'assetfinder_https://github.com.txt'. Retrying in 2s...
2025-12-18 19:32:07,337 - WARNING - Error occurred: [Errno 22] Invalid argument: 'subfinder_https://github.com.txt'. Retrying in 1s...
2025-12-18 19:32:10,091 - ERROR - Failed after 3 retries: [Errno 22] Invalid argument: 'assetfinder_https://github.com.txt'
2025-12-18 19:32:10,092 - ERROR - Error running assetfinder: [Errno 22] Invalid argument: 'assetfinder_https://github.com.txt'
2025-12-18 19:32:10,108 - WARNING - Error occurred: [WinError 2] The system cannot find the file specified. Retrying in 1s...
2025-12-18 19:32:11,130 - WARNING - Error occurred: [WinError 2] The system cannot find the file specified. Retrying in 2s...
2025-12-18 19:32:13,156 - ERROR - Failed after 3 retries: [WinError 2] The system cannot find the file specified
2025-12-18 19:32:13,157 - ERROR - Error: findomain not installed or not in PATH.
2025-12-18 19:32:59,036 - WARNING - Error occurred: [Errno 22] Invalid argument: 'wayback_https://github.com.txt'. Retrying in 1s...
2025-12-18 19:33:01,172 - WARNING - Error occurred: [Errno 22] Invalid argument: 'subfinder_https://github.com.txt'. Retrying in 2s...
2025-12-18 19:33:10,501 - ERROR - Failed after 3 retries: [Errno 22] Invalid argument: 'subfinder_https://github.com.txt'
2025-12-18 19:33:10,502 - ERROR - Error running subfinder: [Errno 22] Invalid argument: 'subfinder_https://github.com.txt'
2025-12-18 19:33:25,064 - WARNING - Error occurred: [Errno 22] Invalid argument: 'amass_https://github.com.txt'. Retrying in 1s...
2025-12-18 19:34:01,184 - WARNING - Error occurred: [Errno 22] Invalid argument: 'wayback_https://github.com.txt'. Retrying in 2s...
2025-12-18 19:34:45,492 - WARNING - Error occurred: [Errno 22] Invalid argument: 'amass_https://github.com.txt'. Retrying in 2s...
2025-12-18 19:35:07,585 - ERROR - Failed after 3 retries: [Errno 22] Invalid argument: 'wayback_https://github.com.txt'
2025-12-18 19:35:07,585 - ERROR - Error running waybackurls: [Errno 22] Invalid argument: 'wayback_https://github.com.txt'
2025-12-18 19:36:17,012 - ERROR - Failed after 3 retries: [Errno 22] Invalid argument: 'amass_https://github.com.txt'
2025-12-18 19:36:17,017 - ERROR - Error running amass: [Errno 22] Invalid argument: 'amass_https://github.com.txt'
2025-12-18 19:37:29,381 - WARNING - Tool gau encountered an error. Requesting AI heal...
2025-12-18 19:37:31,944 - WARNING - Error occurred: [Errno 22] Invalid argument: 'gau_https://github.com.txt'. Retrying in 1s...
